@main(a: int) {
.entry2:
  jmp .entry1;
.entry1:
  zero.0: int = id __undefined;
  one.0: int = id __undefined;
  is_term.0: bool = id __undefined;
  a.0: int = id a;
  jmp .while.cond;
.while.cond:
  zero.1: int = const 0;
  is_term.1: bool = eq a.0 zero.1;
  br is_term.1 .while.finish .while.body;
.while.body:
  one.1: int = const 1;
  a.1: int = sub a.0 one.1;
  zero.0: int = id zero.1;
  one.0: int = id one.1;
  is_term.0: bool = id is_term.1;
  a.0: int = id a.1;
  jmp .while.cond;
.while.finish:
  print a.0;
  ret;
}
